ORGANISMOS
1 : 0 2 -1 0 25 -1 0 5 -1 0 4 -1 0 7 -1 0 3 -1 0 8 -1 0 11 -1 0 10 -1 0 9 -1 0 1 -1 0 15 -1 0 14 -1 0 18 -1 0 17 -1 0 19 -1 0 16 -1 0 13 -1 0 20 -1 0 12 -1 0 
2 : 0 70 1 0 11 1 0 10 1 0 23 1 0 16 1 0 25 1 0 17 1 0 65 1 0 32 1 0 52 1 0 47 1 0 5 1 0 41 1 0 99 1 0 32 1 0 66 1 0 92 1 0 55 1 0 12 1 0 6 1 0 21 1 0 95 1 0 2 1 0 
3 : 0 17 1 0 10 -1 0 8 -1 0 7 1 0 2 -1 0 18 -1 0 20 1 0 9 -1 0 
4 : 0 4 -1 0 2 1 0 5 -1 0 1 -1 0 6 1 0 3 1 0 7 -1 0 

RONDA DE EMPAREJAMIENTOS
Nuevos organismos : 2

ORGANISMOS
1 : 0 2 -1 0 25 -1 0 5 -1 0 4 -1 0 7 -1 0 3 -1 0 8 -1 0 11 -1 0 10 -1 0 9 -1 0 1 -1 0 15 -1 0 14 -1 0 18 -1 0 17 -1 0 19 -1 0 16 -1 0 13 -1 0 20 -1 0 12 -1 0 
2 : 0 70 1 0 11 1 0 10 1 0 23 1 0 16 1 0 25 1 0 17 1 0 65 1 0 32 1 0 52 1 0 47 1 0 5 1 0 41 1 0 99 1 0 32 1 0 66 1 0 92 1 0 55 1 0 12 1 0 6 1 0 21 1 0 95 1 0 2 1 0 
3 : 0 17 1 0 10 -1 0 8 -1 0 7 1 0 2 -1 0 18 -1 0 20 1 0 9 -1 0 
4 : 0 4 -1 0 2 1 0 5 -1 0 1 -1 0 6 1 0 3 1 0 7 -1 0 
5 : 0 2 1 0 4 1 0 3 1 0 8 1 0 10 1 0 9 1 0 26 1 0 28 1 0 27 1 0 30 1 0 29 1 0 1 1 0 33 1 0 34 1 0 32 1 0 31 1 0 35 1 0 15 1 0 14 1 0 16 1 0 13 1 0 20 1 0 12 1 0 
6 : 0 17 1 0 10 -1 0 8 -1 0 7 1 0 2 -1 0 21 1 0 18 1 0 20 1 0 9 -1 0 

RANKING
1 : 2 5
2 : 1 5
3 : 4 6
4 : 3 6
5 :
6 :

RONDA DE EMPAREJAMIENTOS
Nuevos organismos : 0

RANKING
1 : 2 5
2 : 1 5
3 : 4 6
4 : 3 6
5 :
6 :

ORGANISMOS
1 : 0 2 -1 0 25 -1 0 5 -1 0 4 -1 0 7 -1 0 3 -1 0 8 -1 0 11 -1 0 10 -1 0 9 -1 0 1 -1 0 15 -1 0 14 -1 0 18 -1 0 17 -1 0 19 -1 0 16 -1 0 13 -1 0 20 -1 0 12 -1 0 
2 : 0 70 1 0 11 1 0 10 1 0 23 1 0 16 1 0 25 1 0 17 1 0 65 1 0 32 1 0 52 1 0 47 1 0 5 1 0 41 1 0 99 1 0 32 1 0 66 1 0 92 1 0 55 1 0 12 1 0 6 1 0 21 1 0 95 1 0 2 1 0 
3 : 0 17 1 0 10 -1 0 8 -1 0 7 1 0 2 -1 0 18 -1 0 20 1 0 9 -1 0 
4 : 0 4 -1 0 2 1 0 5 -1 0 1 -1 0 6 1 0 3 1 0 7 -1 0 
5 : 0 2 1 0 4 1 0 3 1 0 8 1 0 10 1 0 9 1 0 26 1 0 28 1 0 27 1 0 30 1 0 29 1 0 1 1 0 33 1 0 34 1 0 32 1 0 31 1 0 35 1 0 15 1 0 14 1 0 16 1 0 13 1 0 20 1 0 12 1 0 
6 : 0 17 1 0 10 -1 0 8 -1 0 7 1 0 2 -1 0 21 1 0 18 1 0 20 1 0 9 -1 0 

ORGANISMOS
1 : 0 2 -1 0 5 -1 0 4 -1 0 3 -1 0 8 -1 0 10 -1 0 9 -1 0 1 -1 0 14 -1 0 17 -1 0 16 -1 0 13 -1 0 12 -1 0 
2 : 0 70 1 0 10 1 0 23 1 0 25 1 0 17 1 0 32 1 0 47 1 0 5 1 0 41 1 0 32 1 0 66 1 0 55 1 0 12 1 0 21 1 0 2 1 0 
3 : 0 17 1 0 10 -1 0 8 -1 0 7 1 0 2 -1 0 18 -1 0 20 1 0 9 -1 0 
4 : 0 4 -1 0 2 1 0 5 -1 0 1 -1 0 6 1 0 3 1 0 7 -1 0 
5 : 0 2 1 0 4 1 0 3 1 0 8 1 0 10 1 0 9 1 0 26 1 0 28 1 0 27 1 0 30 1 0 29 1 0 1 1 0 33 1 0 34 1 0 32 1 0 31 1 0 35 1 0 15 1 0 14 1 0 16 1 0 13 1 0 20 1 0 12 1 0 
6 : 0 17 1 0 10 -1 0 8 -1 0 7 1 0 2 -1 0 21 1 0 18 1 0 20 1 0 9 -1 0 

ORGANISMOS
1 : 0 2 -1 0 5 -1 0 4 -1 0 3 -1 0 8 -1 0 10 -1 0 9 -1 0 1 -1 0 14 -1 0 17 -1 0 16 -1 0 13 -1 0 12 -1 0 
2 : 0 70 1 0 10 1 0 23 1 0 25 1 0 17 1 0 32 1 0 47 1 0 5 1 0 41 1 0 32 1 0 66 1 0 55 1 0 12 1 0 21 1 0 2 1 0 
3 : 0 21 1 0 17 1 0 22 1 0 10 -1 0 8 -1 0 7 1 0 2 -1 0 18 -1 0 23 1 0 20 1 0 24 1 0 9 -1 0 
4 : 0 8 -1 0 4 -1 0 9 -1 0 2 1 0 10 -1 0 5 -1 0 11 -1 0 1 -1 0 12 1 0 6 1 0 13 1 0 3 1 0 14 -1 0 7 -1 0 15 -1 0 
5 : 0 2 1 0 4 1 0 3 1 0 8 1 0 10 1 0 9 1 0 26 1 0 28 1 0 27 1 0 30 1 0 29 1 0 1 1 0 33 1 0 34 1 0 32 1 0 31 1 0 35 1 0 15 1 0 14 1 0 16 1 0 13 1 0 20 1 0 12 1 0 
6 : 0 22 1 0 17 1 0 23 1 0 10 -1 0 8 -1 0 7 1 0 2 -1 0 24 1 0 21 1 0 25 1 0 18 1 0 26 1 0 20 1 0 27 1 0 9 -1 0 

RONDA DE EMPAREJAMIENTOS
Nuevos organismos : 1

ORGANISMOS
1 : 0 2 -1 0 5 -1 0 4 -1 0 3 -1 0 8 -1 0 10 -1 0 9 -1 0 1 -1 0 14 -1 0 17 -1 0 16 -1 0 13 -1 0 12 -1 0 
2 : 0 70 1 0 10 1 0 23 1 0 25 1 0 17 1 0 32 1 0 47 1 0 5 1 0 41 1 0 32 1 0 66 1 0 55 1 0 12 1 0 21 1 0 2 1 0 
3 : 0 21 1 0 17 1 0 22 1 0 10 -1 0 8 -1 0 7 1 0 2 -1 0 18 -1 0 23 1 0 20 1 0 24 1 0 9 -1 0 
4 : 0 8 -1 0 4 -1 0 9 -1 0 2 1 0 10 -1 0 5 -1 0 11 -1 0 1 -1 0 12 1 0 6 1 0 13 1 0 3 1 0 14 -1 0 7 -1 0 15 -1 0 
5 : 0 2 1 0 4 1 0 3 1 0 8 1 0 10 1 0 9 1 0 26 1 0 28 1 0 27 1 0 30 1 0 29 1 0 1 1 0 33 1 0 34 1 0 32 1 0 31 1 0 35 1 0 15 1 0 14 1 0 16 1 0 13 1 0 20 1 0 12 1 0 
6 : 0 22 1 0 17 1 0 23 1 0 10 -1 0 8 -1 0 7 1 0 2 -1 0 24 1 0 21 1 0 25 1 0 18 1 0 26 1 0 20 1 0 27 1 0 9 -1 0 
7 : 0 2 1 0 4 -1 0 3 -1 0 8 -1 0 1 -1 0 14 1 0 13 1 0 18 1 0 12 1 0 

RANKING
1 : 2 5 4 7
4 : 3 6 1 7
2 : 1 5
3 : 4 6
5 :
6 :
7 :

ORGANISMOS
4 : 0 4 -1 0 2 1 0 5 -1 0 1 -1 0 6 1 0 3 1 0 7 -1 0 

RONDA DE EMPAREJAMIENTOS
Nuevos organismos : 1

ORGANISMOS
1 : 0 2 -1 0 5 -1 0 4 -1 0 3 -1 0 8 -1 0 10 -1 0 9 -1 0 1 -1 0 14 -1 0 17 -1 0 16 -1 0 13 -1 0 12 -1 0 
2 : 0 70 1 0 10 1 0 23 1 0 25 1 0 17 1 0 32 1 0 47 1 0 5 1 0 41 1 0 32 1 0 66 1 0 55 1 0 12 1 0 21 1 0 2 1 0 
3 : 0 21 1 0 17 1 0 22 1 0 10 -1 0 8 -1 0 7 1 0 2 -1 0 18 -1 0 23 1 0 20 1 0 24 1 0 9 -1 0 
4 : 0 4 -1 0 2 1 0 5 -1 0 1 -1 0 6 1 0 3 1 0 7 -1 0 
5 : 0 2 1 0 4 1 0 3 1 0 8 1 0 10 1 0 9 1 0 26 1 0 28 1 0 27 1 0 30 1 0 29 1 0 1 1 0 33 1 0 34 1 0 32 1 0 31 1 0 35 1 0 15 1 0 14 1 0 16 1 0 13 1 0 20 1 0 12 1 0 
6 : 0 22 1 0 17 1 0 23 1 0 10 -1 0 8 -1 0 7 1 0 2 -1 0 24 1 0 21 1 0 25 1 0 18 1 0 26 1 0 20 1 0 27 1 0 9 -1 0 
7 : 0 2 1 0 4 -1 0 3 -1 0 8 -1 0 1 -1 0 14 1 0 13 1 0 18 1 0 12 1 0 
8 : 0 2 1 0 4 1 0 3 1 0 8 1 0 10 1 0 9 1 0 18 1 0 20 1 0 19 1 0 22 1 0 21 1 0 1 1 0 26 1 0 27 1 0 25 1 0 24 1 0 28 1 0 23 1 0 14 1 0 16 1 0 13 1 0 29 1 0 12 1 0 

RANKING
1 : 2 5 4 7 5 8
4 : 3 6 1 7
2 : 1 5
3 : 4 6
5 : 1 8
6 :
7 :
8 :

ORGANISMOS
5 : 0 2 1 0 36 1 0 4 1 0 37 1 0 3 1 0 8 1 0 38 1 0 10 1 0 39 1 0 9 1 0 26 1 0 40 1 0 28 1 0 41 1 0 27 1 0 42 1 0 30 1 0 43 1 0 29 1 0 1 1 0 33 1 0 44 1 0 34 1 0 45 1 0 32 1 0 31 1 0 46 1 0 35 1 0 47 1 0 15 1 0 14 1 0 48 1 0 16 1 0 49 1 0 13 1 0 50 1 0 20 1 0 51 1 0 12 1 0 

RONDA DE EMPAREJAMIENTOS
Nuevos organismos : 2

RONDA DE EMPAREJAMIENTOS
Nuevos organismos : 2

RONDA DE EMPAREJAMIENTOS
Nuevos organismos : 3

RONDA DE EMPAREJAMIENTOS
Nuevos organismos : 3

RONDA DE EMPAREJAMIENTOS
Nuevos organismos : 2

FIN

Organismos en total : 20
Organismos vivos : 20

ORGANISMOS
19 : 0 70 1 0 72 1 0 71 1 0 73 1 0 10 1 0 23 1 0 75 1 0 74 1 0 76 1 0 25 1 0 17 1 0 78 1 0 77 1 0 79 1 0 32 1 0 81 1 0 80 1 0 82 1 0 47 1 0 5 1 0 41 1 0 84 1 0 83 1 0 85 1 0 32 1 0 66 1 0 87 1 0 86 1 0 88 1 0 55 1 0 12 1 0 90 1 0 89 1 0 91 1 0 21 1 0 93 1 0 92 1 0 94 1 0 2 1 0 
20 : 0 2 1 0 1 -1 0 4 1 0 3 1 0 

RANKING
1 : 2 5 4 7 5 8 7 11 8 13 9 16
2 : 1 5 5 9 8 12 7 14 9 19
4 : 3 6 1 7 7 10 11 20
7 : 4 10 1 11 2 14 5 17
5 : 1 8 2 9 7 17
3 : 4 6 6 15
8 : 2 12 1 13
9 : 1 16 2 19
6 : 3 15
11 : 4 20
13 : 14 18
14 : 13 18
10 :
12 :
15 :
16 :
17 :
18 :
19 :
20 :

