Consulta de revista por titulo
La revista 444 no existe

Consulta de revista por titulo
444
5959 
5959 2424
4

Revistas de calidad 4 por criterio 1
5959 444
6666 333

Revistas de calidad 4 por criterio 2
2424 444
6666 333

Revistas de calidad 4 por criterio 1
6666 333

Revistas de calidad 4 por criterio 2
6666 333

Consulta de revista por titulo
111
5555 6666 
1111 2424
1

Consulta de revista por titulo
222
6666 7777 8888 
2222 2222
3

Revistas de calidad 1 por criterio 1
1111 111

Revistas de calidad 3 por criterio 2
2222 222

Consulta de revista por titulo
111
5555 6666 7777 8888 
2222 2424
1

Consulta de revista por titulo
La revista 222 no existe

Revistas de calidad 1 por criterio 1
2222 111

Revistas de calidad 3 por criterio 2

Revistas de calidad 1 por criterio 2
2424 111

