Consulta de revista por titulo
La revista 100 no existe

Consulta de revista por titulo
100
26 
26 26
1

Consulta de revista por titulo
La revista 100 no existe

Consulta de revista por titulo
103
36 
36 24
1

Revistas de calidad 1 por criterio 1
13 105
22 102
35 104
36 103

Revistas de calidad 1 por criterio 2
13 105
16 102
16 104
24 103

Revistas de calidad 2 por criterio 1
14 101

Revistas de calidad 2 por criterio 2
14 101

Consulta de revista por titulo
107
26 27 28 29 
14 14
2

Consulta de revista por titulo
109
32 
32 32
2

Revistas de calidad 2 por criterio 1
11 110
12 106
12 108
14 101
15 112
15 113
21 111

Revistas de calidad 1 por criterio 1
11 114
13 102
13 105
35 104

Revistas de calidad 1 por criterio 1
11 114
13 102
13 105

Revistas de calidad 1 por criterio 2
11 114
13 105

Revistas de calidad 1 por criterio 2
13 105

Revistas de calidad 1 por criterio 2

