Consulta de revista por titulo
La revista 100 no existe

Consulta de revista por titulo
100
170 
170 12
1

Consulta de revista por titulo
101
170 180 
16 12
1

Consulta de revista por titulo
100
170 180 
16 12
1

Consulta de revista por titulo
La revista 101 no existe

Consulta de revista por titulo
100
170 180 250 
29 11
1

Consulta de revista por titulo
La revista 102 no existe

Revistas de calidad 1 por criterio 1
29 100

Revistas de calidad 1 por criterio 2
11 100

Revistas de calidad 1 por criterio 1
21 110
29 100

Revistas de calidad 1 por criterio 1
14 111
21 110
29 100

Revistas de calidad 1 por criterio 2
11 100
14 111
21 110

Consulta de revista por titulo
103
250 380 400 
36 11
2

Consulta de revista por titulo
La revista 104 no existe

Consulta de revista por titulo
105
250 380 400 
36 11
2

Consulta de revista por titulo
La revista 103 no existe

Revistas de calidad 2 por criterio 1
36 105

Revistas de calidad 2 por criterio 2
11 105

Revistas de calidad 2 por criterio 1
33 113
36 105

Revistas de calidad 2 por criterio 2
11 105
33 113

Revistas de calidad 2 por criterio 1
33 112
33 113
36 105

Revistas de calidad 2 por criterio 2
11 105
11 112
33 113

Consulta de revista por titulo
106
170 220 230 250 
14 11
3

Consulta de revista por titulo
La revista 107 no existe

Consulta de revista por titulo
108
380 400 
36 36
3

Consulta de revista por titulo
La revista 109 no existe

Revistas de calidad 3 por criterio 1
14 106
36 108

Revistas de calidad 3 por criterio 2
11 106
36 108

